{
  module: 'AIMiddleware',
  message: 'User user123 from team team123 has reached max requests without a Moon Token.',
  level: 'info',
  timestamp: '2025-05-01T12:34:24.304Z'
}
{
  module: 'AIMiddleware',
  message: 'User user123 from team team123 has reached max requests without a Moon Token.',
  level: 'info',
  timestamp: '2025-05-01T12:35:01.107Z'
}
{
  module: 'AIMiddleware',
  message: 'User user123 from team team123 has an in-flight request.',
  level: 'info',
  timestamp: '2025-05-01T12:35:38.937Z'
}
{
  module: 'AIMiddleware',
  message: 'User user123 from team team123 has reached max requests but has a Moon Token.',
  level: 'info',
  timestamp: '2025-05-01T12:36:45.350Z'
}
{
  module: 'AIMiddleware',
  message: 'User user123 from team team123 has reached max requests but has a Moon Token.',
  level: 'info',
  timestamp: '2025-05-01T12:36:56.396Z'
}
{
  module: 'AIMiddleware',
  message: 'User user123 from team team123 has reached max requests but has a Moon Token.',
  level: 'info',
  timestamp: '2025-05-01T12:37:07.369Z'
}
{
  module: 'AIMiddleware',
  message: 'User user123 from team team123 has an in-flight request.',
  level: 'info',
  timestamp: '2025-05-01T12:38:05.420Z'
}
{
  module: 'AIMiddleware',
  message: 'User user123 from team team123 has reached max requests without a Moon Token.',
  level: 'info',
  timestamp: '2025-05-01T12:38:16.409Z'
}
{
  module: 'AIMiddleware',
  message: 'User user123 from team team123 has an in-flight request.',
  level: 'info',
  timestamp: '2025-05-01T12:38:16.416Z'
}
{
  module: 'AIMiddleware',
  message: 'User user123 from team team123 has reached max requests but has a Moon Token.',
  level: 'info',
  timestamp: '2025-05-01T12:38:16.418Z'
}
{
  module: 'AIMiddleware',
  message: 'User user123 from team team123 has reached max requests without a Moon Token.',
  level: 'info',
  timestamp: '2025-05-01T12:38:50.934Z'
}
{
  module: 'AIMiddleware',
  message: 'User user123 from team team123 has an in-flight request.',
  level: 'info',
  timestamp: '2025-05-01T12:38:50.942Z'
}
{
  module: 'AIMiddleware',
  message: 'User user123 from team team123 has reached max requests but has a Moon Token.',
  level: 'info',
  timestamp: '2025-05-01T12:38:50.943Z'
}
{
  module: 'AIMiddleware',
  message: 'User user123 from team team123 has reached max requests without a Moon Token.',
  level: 'info',
  timestamp: '2025-05-01T12:39:14.683Z'
}
{
  module: 'AIMiddleware',
  message: 'User user123 from team team123 has an in-flight request.',
  level: 'info',
  timestamp: '2025-05-01T12:39:14.691Z'
}
{
  module: 'AIMiddleware',
  message: 'User user123 from team team123 has reached max requests but has a Moon Token.',
  level: 'info',
  timestamp: '2025-05-01T12:39:14.692Z'
}
{
  module: 'AIMiddleware',
  message: 'User user123 from team team123 has reached max requests without a Moon Token.',
  level: 'info',
  timestamp: '2025-05-01T12:40:00.003Z'
}
{
  module: 'AIMiddleware',
  message: 'User user123 from team team123 has an in-flight request.',
  level: 'info',
  timestamp: '2025-05-01T12:40:00.011Z'
}
{
  module: 'AIMiddleware',
  message: 'User user123 from team team123 has reached max requests but has a Moon Token.',
  level: 'info',
  timestamp: '2025-05-01T12:40:00.012Z'
}
{
  module: 'AIMiddleware',
  message: 'User user123 from team team123 has reached max requests without a Moon Token.',
  level: 'info',
  timestamp: '2025-05-01T12:40:15.567Z'
}
{
  module: 'AIMiddleware',
  message: 'User user123 from team team123 has an in-flight request.',
  level: 'info',
  timestamp: '2025-05-01T12:40:15.574Z'
}
{
  module: 'AIMiddleware',
  message: 'User user123 from team team123 has reached max requests but has a Moon Token.',
  level: 'info',
  timestamp: '2025-05-01T12:40:15.575Z'
}
{
  module: 'AIMiddleware',
  message: 'User user123 from team team123 has reached max requests without a Moon Token.',
  level: 'info',
  timestamp: '2025-05-01T12:41:34.290Z'
}
{
  module: 'AIMiddleware',
  message: 'User user123 from team team123 has an in-flight request.',
  level: 'info',
  timestamp: '2025-05-01T12:41:34.295Z'
}
{
  module: 'AIMiddleware',
  message: 'User user123 from team team123 has reached max requests but has a Moon Token.',
  level: 'info',
  timestamp: '2025-05-01T12:41:34.296Z'
}
{
  module: 'AIMiddleware',
  message: 'User user123 from team team123 has reached max requests without a Moon Token.',
  level: 'info',
  timestamp: '2025-05-01T12:47:21.780Z'
}
{
  module: 'AIMiddleware',
  message: 'User user123 from team team123 has an in-flight request.',
  level: 'info',
  timestamp: '2025-05-01T12:47:21.784Z'
}
{
  module: 'AIMiddleware',
  message: 'User user123 from team team123 has reached max requests but has a Moon Token.',
  level: 'info',
  timestamp: '2025-05-01T12:47:21.786Z'
}
{
  module: 'AIMiddleware',
  message: 'User user123 from team team123 has reached max requests without a Moon Token.',
  level: 'info',
  timestamp: '2025-05-01T12:48:48.192Z'
}
{
  module: 'AIMiddleware',
  message: 'User user123 from team team123 has an in-flight request.',
  level: 'info',
  timestamp: '2025-05-01T12:48:48.200Z'
}
{
  module: 'AIMiddleware',
  message: 'User user123 from team team123 has reached max requests but has a Moon Token.',
  level: 'info',
  timestamp: '2025-05-01T12:48:48.201Z'
}
{
  module: 'AIMiddleware',
  message: 'User user123 from team team123 has reached max requests without a Moon Token.',
  level: 'info',
  timestamp: '2025-05-01T12:48:59.201Z'
}
{
  module: 'AIMiddleware',
  message: 'User user123 from team team123 has an in-flight request.',
  level: 'info',
  timestamp: '2025-05-01T12:48:59.209Z'
}
{
  module: 'AIMiddleware',
  message: 'User user123 from team team123 has reached max requests but has a Moon Token.',
  level: 'info',
  timestamp: '2025-05-01T12:48:59.210Z'
}
